<?xml version="1.0" encoding="utf-8"?><testsuites name="pytest tests"><testsuite name="pytest" errors="0" failures="0" skipped="0" tests="10" time="0.031" timestamp="2026-05-14T00:53:29.943555+08:00" hostname="LAPTOP-KLB82E89"><testcase classname="test_10931_easy" name="test_parity_easy[1-1-1]" time="0.001" /><testcase classname="test_10931_easy" name="test_parity_easy[2-10-1]" time="0.001" /><testcase classname="test_10931_easy" name="test_parity_easy[10-1010-2]" time="0.001" /><testcase classname="test_10931_easy" name="test_parity_easy[21-10101-3]" time="0.001" /><testcase classname="test_10931_easy" name="test_parity_easy[4-100-1]" time="0.001" /><testcase classname="test_10931_easy" name="test_parity_easy[8-1000-1]" time="0.001" /><testcase classname="test_10931_easy" name="test_parity_easy[31-11111-5]" time="0.000" /><testcase classname="test_10931_easy" name="test_parity_easy[100-1100100-3]" time="0.000" /><testcase classname="test_10931_easy" name="test_parity_easy[2147483647-1111111111111111111111111111111-31]" time="0.001" /><testcase classname="test_10931_easy" name="test_output_format_easy" time="0.000" /></testsuite></testsuites>